<?xml version="1.0" encoding="UTF-8"?>
<!-- Generated by org.testng.reporters.JUnitXMLReporter -->
<testsuite ignored="2" hostname="DESKTOP-4OFLQTK" failures="0" tests="1" name="Default test" time="11.048" errors="0" timestamp="2023-11-18T19:35:24 IST">
  <testcase classname="verifytabtitleurlandapptext.TabtitleURLText" name="verifyApplicationText" time="4.534"/>
  <testcase classname="verifytabtitleurlandapptext.TabtitleURLText" name="verifyURL" time="0.0">
    <ignored/>
  </testcase> <!-- verifyURL -->
  <testcase classname="verifytabtitleurlandapptext.TabtitleURLText" name="verifytabtitle" time="0.0">
    <ignored/>
  </testcase> <!-- verifytabtitle -->
</testsuite> <!-- Default test -->
