<?xml version="1.0" encoding="UTF-8"?>
<!-- Generated by org.testng.reporters.JUnitXMLReporter -->
<testsuite ignored="5" hostname="DESKTOP-4OFLQTK" failures="0" tests="3" name="Test" time="19.251" errors="0" timestamp="2023-11-09T14:54:31 IST">
  <testcase classname="testngfeatures.Testng_9_groups" name="gmail" time="7.595"/>
  <testcase classname="testngfeatures.Testng_9_groups" name="redmine" time="5.939"/>
  <testcase classname="testngfeatures.Testng_9_groups" name="selenium" time="2.873"/>
  <testcase classname="testngfeatures.Testng_9_groups" name="twitter" time="0.0">
    <ignored/>
  </testcase> <!-- twitter -->
  <testcase classname="testngfeatures.Testng_9_groups" name="Zomato" time="0.0">
    <ignored/>
  </testcase> <!-- Zomato -->
  <testcase classname="testngfeatures.Testng_9_groups" name="facebook" time="0.0">
    <ignored/>
  </testcase> <!-- facebook -->
  <testcase classname="testngfeatures.Testng_9_groups" name="google" time="0.0">
    <ignored/>
  </testcase> <!-- google -->
  <testcase classname="testngfeatures.Testng_9_groups" name="swiggy" time="0.0">
    <ignored/>
  </testcase> <!-- swiggy -->
</testsuite> <!-- Test -->
