<?xml version="1.0" encoding="UTF-8"?>
<testng-results ignored="2" total="3" passed="1" failed="0" skipped="0">
  <reporter-output>
  </reporter-output>
  <suite started-at="2023-11-18T19:35:13 IST" name="Default suite" finished-at="2023-11-18T19:35:24 IST" duration-ms="11048">
    <groups>
    </groups>
    <test started-at="2023-11-18T19:35:13 IST" name="Default test" finished-at="2023-11-18T19:35:24 IST" duration-ms="11048">
      <class name="verifytabtitleurlandapptext.TabtitleURLText">
        <test-method is-config="true" signature="beforeTest()[pri:0, instance:verifytabtitleurlandapptext.TabtitleURLText@ffaa6af]" started-at="2023-11-18T19:35:13 IST" name="beforeTest" finished-at="2023-11-18T19:35:19 IST" duration-ms="6450" status="PASS">
          <reporter-output>
          </reporter-output>
        </test-method> <!-- beforeTest -->
        <test-method signature="verifyApplicationText()[pri:0, instance:verifytabtitleurlandapptext.TabtitleURLText@ffaa6af]" started-at="2023-11-18T19:35:19 IST" name="verifyApplicationText" finished-at="2023-11-18T19:35:24 IST" duration-ms="4534" status="PASS">
          <reporter-output>
          </reporter-output>
        </test-method> <!-- verifyApplicationText -->
      </class> <!-- verifytabtitleurlandapptext.TabtitleURLText -->
    </test> <!-- Default test -->
  </suite> <!-- Default suite -->
</testng-results>
